=============================================
Pre-training Dataset: SleepEEG
Target (fine-tuning) Dataset: Epilepsy
Method:  Time-Freq Consistency
Mode:    pre_train
=============================================
Data loaded ...
Training started ....

Pre-training Epoch : 1
Train Loss     : 4.4101	 | 	Train Accuracy     : 0.0000	 | 	Train AUC : 0.0000


Pre-training Epoch : 2
Train Loss     : 2.9780	 | 	Train Accuracy     : 0.0000	 | 	Train AUC : 0.0000


Pre-training Epoch : 3
Train Loss     : 0.9503	 | 	Train Accuracy     : 0.0000	 | 	Train AUC : 0.0000


Pre-training Epoch : 4
Train Loss     : -0.7996	 | 	Train Accuracy     : 0.0000	 | 	Train AUC : 0.0000


Pre-training Epoch : 5
Train Loss     : -2.4523	 | 	Train Accuracy     : 0.0000	 | 	Train AUC : 0.0000


Pre-training Epoch : 6
Train Loss     : -3.4383	 | 	Train Accuracy     : 0.0000	 | 	Train AUC : 0.0000


Pre-training Epoch : 7
Train Loss     : -4.3711	 | 	Train Accuracy     : 0.0000	 | 	Train AUC : 0.0000


Pre-training Epoch : 8
Train Loss     : -5.4110	 | 	Train Accuracy     : 0.0000	 | 	Train AUC : 0.0000


Pre-training Epoch : 9
Train Loss     : -6.2471	 | 	Train Accuracy     : 0.0000	 | 	Train AUC : 0.0000


Pre-training Epoch : 10
Train Loss     : -6.8527	 | 	Train Accuracy     : 0.0000	 | 	Train AUC : 0.0000


Pre-training Epoch : 11
Train Loss     : -7.6629	 | 	Train Accuracy     : 0.0000	 | 	Train AUC : 0.0000


Pre-training Epoch : 12
Train Loss     : -8.1905	 | 	Train Accuracy     : 0.0000	 | 	Train AUC : 0.0000


Pre-training Epoch : 13
Train Loss     : -8.6274	 | 	Train Accuracy     : 0.0000	 | 	Train AUC : 0.0000


Pre-training Epoch : 14
Train Loss     : -8.8285	 | 	Train Accuracy     : 0.0000	 | 	Train AUC : 0.0000


Pre-training Epoch : 15
Train Loss     : -9.1417	 | 	Train Accuracy     : 0.0000	 | 	Train AUC : 0.0000


Pre-training Epoch : 16
Train Loss     : -9.3594	 | 	Train Accuracy     : 0.0000	 | 	Train AUC : 0.0000


Pre-training Epoch : 17
Train Loss     : -9.4431	 | 	Train Accuracy     : 0.0000	 | 	Train AUC : 0.0000


Pre-training Epoch : 18
Train Loss     : -9.7360	 | 	Train Accuracy     : 0.0000	 | 	Train AUC : 0.0000

