=============================================
Pre-training Dataset: SleepEEG
Target (fine-tuning) Dataset: Epilepsy
Method:  Time-Freq Consistency
Mode:    pre_train
=============================================
Data loaded ...
Training started ....

Pre-training Epoch : 1
Train Loss     : 4.4101	 | 	Train Accuracy     : 0.0000	 | 	Train AUC : 0.0000


Pre-training Epoch : 2
Train Loss     : 2.9780	 | 	Train Accuracy     : 0.0000	 | 	Train AUC : 0.0000


Pre-training Epoch : 3
Train Loss     : 0.9503	 | 	Train Accuracy     : 0.0000	 | 	Train AUC : 0.0000


Pre-training Epoch : 4
Train Loss     : -0.7996	 | 	Train Accuracy     : 0.0000	 | 	Train AUC : 0.0000


Pre-training Epoch : 5
Train Loss     : -2.4523	 | 	Train Accuracy     : 0.0000	 | 	Train AUC : 0.0000


Pre-training Epoch : 6
Train Loss     : -3.4383	 | 	Train Accuracy     : 0.0000	 | 	Train AUC : 0.0000


Pre-training Epoch : 7
Train Loss     : -4.3711	 | 	Train Accuracy     : 0.0000	 | 	Train AUC : 0.0000


Pre-training Epoch : 8
Train Loss     : -5.4110	 | 	Train Accuracy     : 0.0000	 | 	Train AUC : 0.0000


Pre-training Epoch : 9
Train Loss     : -6.2471	 | 	Train Accuracy     : 0.0000	 | 	Train AUC : 0.0000


Pre-training Epoch : 10
Train Loss     : -6.8527	 | 	Train Accuracy     : 0.0000	 | 	Train AUC : 0.0000


################## Training is Done! #########################
Training time is : 0:07:33.184376
